<?xml version="1.0" encoding="UTF-8"?>
<!-- Generated by org.testng.reporters.JUnitXMLReporter -->
<testsuite hostname="DESKTOP-G1GSCKP" ignored="0" name="Google Page Re-Validation" tests="6" failures="0" timestamp="29 Nov 2018 02:00:51 GMT" time="51.983" errors="0">
  <testcase name="verifyTitle" time="0.046" classname="googlePageValidation.SearchPageTest2"/>
  <testcase name="validateLogo" time="0.056" classname="googlePageValidation.SearchPageTest2"/>
  <testcase name="validateSearchBar" time="0.084" classname="googlePageValidation.SearchPageTest2"/>
  <testcase name="validateSearchButton" time="0.059" classname="googlePageValidation.SearchPageTest2"/>
  <testcase name="validateMicrophoneButton" time="0.07" classname="googlePageValidation.SearchPageTest2"/>
  <testcase name="validateSearch" time="8.379" classname="googlePageValidation.SearchPageTest2"/>
</testsuite> <!-- Google Page Re-Validation -->
