<?xml version="1.0" encoding="UTF-8"?>
<!-- Generated by org.testng.reporters.JUnitXMLReporter -->
<testsuite hostname="DESKTOP-G1GSCKP" ignored="0" name="Google Page Validation" tests="6" failures="0" timestamp="29 Nov 2018 01:59:59 GMT" time="54.721" errors="0">
  <testcase name="verifyTitle" time="0.046" classname="googlePageValidation.SearchPageTest"/>
  <testcase name="validateLogo" time="0.077" classname="googlePageValidation.SearchPageTest"/>
  <testcase name="validateSearchBar" time="0.077" classname="googlePageValidation.SearchPageTest"/>
  <testcase name="validateSearchButton" time="0.06" classname="googlePageValidation.SearchPageTest"/>
  <testcase name="validateMicrophoneButton" time="0.093" classname="googlePageValidation.SearchPageTest"/>
  <testcase name="validateSearch" time="8.451" classname="googlePageValidation.SearchPageTest"/>
</testsuite> <!-- Google Page Validation -->
