<?xml version="1.0" encoding="UTF-8"?>
<testng-results skipped="0" failed="0" ignored="0" total="1" passed="1">
  <reporter-output>
  </reporter-output>
  <suite name="Default suite" duration-ms="54" started-at="2018-12-02T10:24:03Z" finished-at="2018-12-02T10:24:03Z">
    <groups>
    </groups>
    <test name="Default test" duration-ms="54" started-at="2018-12-02T10:24:03Z" finished-at="2018-12-02T10:24:03Z">
      <class name="mavenBasics.Maventest">
        <test-method status="PASS" signature="testmaven()[pri:0, instance:mavenBasics.Maventest@724af044]" name="testmaven" duration-ms="14" started-at="2018-12-02T10:24:03Z" finished-at="2018-12-02T10:24:03Z">
          <reporter-output>
          </reporter-output>
        </test-method> <!-- testmaven -->
      </class> <!-- mavenBasics.Maventest -->
    </test> <!-- Default test -->
  </suite> <!-- Default suite -->
</testng-results>
