<?xml version="1.0" encoding="UTF-8"?>
<testng-results skipped="0" failed="0" ignored="0" total="2" passed="2">
  <reporter-output>
  </reporter-output>
  <suite name="Default suite" duration-ms="70" started-at="2018-12-02T10:09:11Z" finished-at="2018-12-02T10:09:11Z">
    <groups>
    </groups>
    <test name="Default test" duration-ms="70" started-at="2018-12-02T10:09:11Z" finished-at="2018-12-02T10:09:11Z">
      <class name="mavenTest.BasicTests">
        <test-method status="PASS" signature="mavenCheck()[pri:0, instance:mavenTest.BasicTests@55f3ddb1]" name="mavenCheck" duration-ms="17" started-at="2018-12-02T10:09:11Z" finished-at="2018-12-02T10:09:11Z">
          <reporter-output>
          </reporter-output>
        </test-method> <!-- mavenCheck -->
        <test-method status="PASS" signature="mavenCheck2()[pri:0, instance:mavenTest.BasicTests@55f3ddb1]" name="mavenCheck2" duration-ms="7" started-at="2018-12-02T10:09:11Z" finished-at="2018-12-02T10:09:11Z">
          <reporter-output>
          </reporter-output>
        </test-method> <!-- mavenCheck2 -->
      </class> <!-- mavenTest.BasicTests -->
    </test> <!-- Default test -->
  </suite> <!-- Default suite -->
</testng-results>
