<?xml version="1.0" encoding="UTF-8"?>
<!-- Generated by org.testng.reporters.JUnitXMLReporter -->
<testsuite hostname="DESKTOP-G1GSCKP" ignored="4" name="Default test" tests="2" failures="0" timestamp="29 Nov 2018 02:18:23 GMT" time="16.057" errors="0">
  <testcase name="verifyTitle" time="0.034" classname="googlePageValidation.SearchPageTest"/>
  <testcase name="validateLogo" time="0.131" classname="googlePageValidation.SearchPageTest"/>
  <testcase name="validateSearch" time="0.0" classname="googlePageValidation.SearchPageTest">
    <ignored/>
  </testcase> <!-- validateSearch -->
  <testcase name="validateSearchButton" time="0.0" classname="googlePageValidation.SearchPageTest">
    <ignored/>
  </testcase> <!-- validateSearchButton -->
  <testcase name="validateSearchBar" time="0.0" classname="googlePageValidation.SearchPageTest">
    <ignored/>
  </testcase> <!-- validateSearchBar -->
  <testcase name="validateMicrophoneButton" time="0.0" classname="googlePageValidation.SearchPageTest">
    <ignored/>
  </testcase> <!-- validateMicrophoneButton -->
</testsuite> <!-- Default test -->
