<?xml version="1.0" encoding="UTF-8"?>
<!-- Generated by org.testng.reporters.JUnitXMLReporter -->
<testsuite hostname="DESKTOP-G1GSCKP" ignored="0" name="Default test" tests="3" failures="0" timestamp="16 Dec 2018 17:48:07 GMT" time="49.565" errors="0">
  <testcase name="newRegistration" time="2.888" classname="testcases.RegistrationPageTest"/>
  <testcase name="newRegistration" time="3.115" classname="testcases.RegistrationPageTest"/>
  <testcase name="newRegistration" time="2.565" classname="testcases.RegistrationPageTest"/>
</testsuite> <!-- Default test -->
