<?xml version="1.0" encoding="UTF-8"?>
<!-- Generated by org.testng.reporters.JUnitXMLReporter -->
<testsuite hostname="DESKTOP-G1GSCKP" ignored="0" name="Amozon Test Cases" tests="8" failures="0" timestamp="16 Dec 2018 06:56:11 GMT" time="104.47" errors="0">
  <testcase name="clickSignInButton" time="1.441" classname="testcases.DefaultPageTest"/>
  <testcase name="validatePageTitle" time="0.045" classname="testcases.DefaultPageTest"/>
  <testcase name="validateSearchBoxDisplay" time="0.527" classname="testcases.DefaultPageTest"/>
  <testcase name="displayAccountCreationButton" time="0.174" classname="testcases.LoginEmailPageTest"/>
  <testcase name="enterEmailAndContinue" time="1.67" classname="testcases.LoginEmailPageTest"/>
  <testcase name="validateTitle" time="0.101" classname="testcases.LoginEmailPageTest"/>
  <testcase name="displayCreateAccountBtn" time="0.059" classname="testcases.LoginPasswordPageTest"/>
  <testcase name="enterPwdAndLogin" time="4.669" classname="testcases.LoginPasswordPageTest"/>
</testsuite> <!-- Amozon Test Cases -->
