<?xml version="1.0" encoding="UTF-8"?>
<!-- Generated by org.testng.reporters.JUnitXMLReporter -->
<testsuite hostname="DESKTOP-G1GSCKP" ignored="1" name="Basic Tests of TestNG" tests="13" failures="0" timestamp="27 Nov 2018 02:57:32 GMT" time="0.155" errors="0">
  <testcase name="test2" time="0.007" classname="class17.TestNGFeaturesTest"/>
  <testcase name="test7" time="0.003" classname="class17.TestNGFeaturesTest"/>
  <testcase name="test8" time="0.002" classname="class17.TestNGFeaturesTest"/>
  <testcase name="test5" time="0.002" classname="class17.TestNGFeaturesTest"/>
  <testcase name="test5" time="0.003" classname="class17.TestNGFeaturesTest"/>
  <testcase name="test5" time="0.003" classname="class17.TestNGFeaturesTest"/>
  <testcase name="test5" time="0.002" classname="class17.TestNGFeaturesTest"/>
  <testcase name="test5" time="0.003" classname="class17.TestNGFeaturesTest"/>
  <testcase name="test6" time="0.002" classname="class17.TestNGFeaturesTest"/>
  <testcase name="test" time="0.001" classname="class17.TestNGFeaturesTest"/>
  <testcase name="test" time="0.002" classname="basicTests.AnnotationsTest"/>
  <testcase name="test2" time="0.002" classname="basicTests.AnnotationsTest"/>
  <testcase name="test3" time="0.005" classname="class17.TestNGFeaturesTest"/>
  <testcase name="test4" time="0.0" classname="class17.TestNGFeaturesTest">
    <ignored/>
  </testcase> <!-- test4 -->
</testsuite> <!-- Basic Tests of TestNG -->
