<?xml version="1.0" encoding="UTF-8"?>
<testng-results skipped="0" failed="0" ignored="4" total="6" passed="2">
  <reporter-output>
  </reporter-output>
  <suite name="Default suite" duration-ms="16057" started-at="2018-11-29T02:18:07Z" finished-at="2018-11-29T02:18:23Z">
    <groups>
    </groups>
    <test name="Default test" duration-ms="16057" started-at="2018-11-29T02:18:07Z" finished-at="2018-11-29T02:18:23Z">
      <class name="googlePageValidation.SearchPageTest">
        <test-method status="PASS" signature="setupTest()[pri:0, instance:googlePageValidation.SearchPageTest@76a3e297]" name="setupTest" is-config="true" duration-ms="15" started-at="2018-11-29T02:18:07Z" finished-at="2018-11-29T02:18:07Z">
          <reporter-output>
          </reporter-output>
        </test-method> <!-- setupTest -->
        <test-method status="PASS" signature="invokeBrowser()[pri:0, instance:googlePageValidation.SearchPageTest@76a3e297]" name="invokeBrowser" is-config="true" duration-ms="6344" started-at="2018-11-29T02:18:07Z" finished-at="2018-11-29T02:18:13Z">
          <reporter-output>
          </reporter-output>
        </test-method> <!-- invokeBrowser -->
        <test-method status="PASS" signature="verifyTitle()[pri:1, instance:googlePageValidation.SearchPageTest@76a3e297]" name="verifyTitle" duration-ms="34" started-at="2018-11-29T02:18:13Z" finished-at="2018-11-29T02:18:13Z">
          <reporter-output>
          </reporter-output>
        </test-method> <!-- verifyTitle -->
        <test-method status="PASS" signature="tearDown()[pri:0, instance:googlePageValidation.SearchPageTest@76a3e297]" name="tearDown" is-config="true" duration-ms="2134" started-at="2018-11-29T02:18:13Z" finished-at="2018-11-29T02:18:15Z">
          <reporter-output>
          </reporter-output>
        </test-method> <!-- tearDown -->
        <test-method status="PASS" signature="invokeBrowser()[pri:0, instance:googlePageValidation.SearchPageTest@76a3e297]" name="invokeBrowser" is-config="true" duration-ms="5259" started-at="2018-11-29T02:18:15Z" finished-at="2018-11-29T02:18:20Z">
          <reporter-output>
          </reporter-output>
        </test-method> <!-- invokeBrowser -->
        <test-method status="PASS" signature="validateLogo()[pri:2, instance:googlePageValidation.SearchPageTest@76a3e297]" name="validateLogo" duration-ms="131" started-at="2018-11-29T02:18:20Z" finished-at="2018-11-29T02:18:21Z">
          <reporter-output>
          </reporter-output>
        </test-method> <!-- validateLogo -->
        <test-method status="PASS" signature="tearDown()[pri:0, instance:googlePageValidation.SearchPageTest@76a3e297]" name="tearDown" is-config="true" duration-ms="2102" started-at="2018-11-29T02:18:21Z" finished-at="2018-11-29T02:18:23Z">
          <reporter-output>
          </reporter-output>
        </test-method> <!-- tearDown -->
      </class> <!-- googlePageValidation.SearchPageTest -->
    </test> <!-- Default test -->
  </suite> <!-- Default suite -->
</testng-results>
